{"message":"starting asch-redeploy...","level":"verbose"}
{"message":"NODE_ENV: undefined","level":"verbose"}
{"meta":"green.inverse","level":"info","message":"Check folder structure in /home/bass/testomgeving/asch-mini-dao"}
{"meta":"green.underline","level":"info","message":"contract/ ✓"}
{"meta":"green.underline","level":"info","message":"interface/ ✓"}
{"meta":"green.underline","level":"info","message":"model/ ✓"}
{"meta":"green.underline","level":"info","message":"public/ ✓"}
{"meta":"green.underline","level":"info","message":"init.js file ✓"}
{"message":"port_in_use: port 4096 is is already in use. Do you have a asch-node already running?","level":"error"}
{"message":"Error: port_in_use: port 4096 is is already in use. Do you have a asch-node already running?\n    at isPortAvailable.then (/usr/local/lib/node_modules/asch-redeploy/src/startup/checkPort.js:10:17)\n    at <anonymous>\n    at process._tickCallback (internal/process/next_tick.js:188:7)","level":"error"}
{"meta":"blue.inverse","level":"info","message":"SIGINT send"}
{"message":"starting asch-redeploy...","level":"verbose"}
{"message":"NODE_ENV: undefined","level":"verbose"}
{"meta":"green.inverse","level":"info","message":"Check folder structure in /home/bass/testomgeving/asch-mini-dao"}
{"meta":"green.underline","level":"info","message":"contract/ ✓"}
{"meta":"green.underline","level":"info","message":"interface/ ✓"}
{"meta":"green.underline","level":"info","message":"model/ ✓"}
{"meta":"green.underline","level":"info","message":"public/ ✓"}
{"meta":"green.underline","level":"info","message":"init.js file ✓"}
{"meta":"inverse","level":"info","message":"starting asch-node in \"/home/bass/testomgeving/asch\" on port 4096"}
{"message":"waiting for 7000ms","level":"verbose"}
{"message":"starting to orchestrate...","level":"verbose"}
{"meta":"white.inverse","level":"info","message":"files are watched in userDevDir: /home/bass/testomgeving/asch-mini-dao"}
{"meta":"white.underline","level":"info","message":"interface/**.js"}
{"meta":"white.underline","level":"info","message":"model/**.js"}
{"meta":"white.underline","level":"info","message":"contract/**.js"}
{"meta":"white.underline","level":"info","message":"init.js"}
{"message":"register dapp...","level":"info"}
{"message":"finished watching files...","level":"info"}
{"meta":"green","level":"info","message":"check balance..."}
{"message":"in sendMoney()","level":"verbose"}
{"message":"in fetchAddressAndBalancewithSecret()","level":"verbose"}
{"message":"get account information from \"someone manual strong movie roof episode eight spatial brown soldier soup motor\"","level":"verbose"}
{"message":"in hasGenesisAccountEnoughMoney()","level":"verbose"}
{"message":"has genesisAccount a balance greater 50000?","level":"verbose"}
{"message":"in saveGenesisAccountData()","level":"verbose"}
{"message":"in fetchAddressAndBalancewithSecret()","level":"verbose"}
{"message":"get account information from \"sentence weasel match weather apple onion release keen lens deal fruit matrix\"","level":"verbose"}
{"message":"in hasDappAccountEnoughMoney()","level":"verbose"}
{"message":"has dappAccount a balance greater 1000?","level":"verbose"}
{"message":"enough money on account. No transfer needed. Balance is 4897.5","level":"verbose"}
{"meta":"green","level":"info","message":"starting to register Dapp..."}
{"message":"dapp: {\n  \"name\": \"test-tCDVQMeiQPbE\",\n  \"link\": \"https://test-HeoCSHdyfBts.zip\",\n  \"category\": 1,\n  \"description\": \"A hello world demo for asch dapp\",\n  \"tags\": \"asch,dapp,demo\",\n  \"icon\": \"http://o7dyh3w0x.bkt.clouddn.com/hello.png\",\n  \"type\": 0,\n  \"delegates\": [\n    \"db18d5799944030f76b6ce0879b1ca4b0c2c1cee51f53ce9b43f78259950c2fd\",\n    \"590e28d2964b0aa4d7c7b98faee4676d467606c6761f7f41f99c52bb4813b5e4\",\n    \"bfe511158d674c3a1e21111223a49770bee93611d998e88a5d2ea3145de2b68b\",\n    \"7bbf62931cf3c596591a580212631aff51d6bc0577c54769953caadb23f6ab00\",\n    \"452df9213aedb3b9fed6db3e2ea9f49d3db226e2dac01828bc3dcd73b7a953b4\"\n  ],\n  \"unlockDelegates\": 3\n}","level":"info"}
{"meta":"green.inverse","level":"info","message":"DAPP registered, DappId: 59dc2fbfaf31e69ca79e4a726e267fc26c813a0ad31199acab0772727171ae38"}
{"meta":"blue.inverse","level":"info","message":"dappId \"59dc2fbfaf31e69ca79e4a726e267fc26c813a0ad31199acab0772727171ae38\" successfully added to \"../asch/config.json\""}
{"message":"wait for: 10000","level":"verbose"}
{"meta":"green.inverse","level":"verbose","message":"stopping asch-Server for restart"}
{"meta":"inverse.blue","level":"warn","message":"sending SIGTERM signal to child process"}
{"meta":"green.inverse","level":"verbose","message":"stopping asch-server"}
{"meta":"inverse.blue","level":"info","message":"asch-node exited with code: \"1\""}
{"message":"asch-node terminated with code 1","level":"warn"}
{"meta":"green.inverse","level":"info","message":"starting asch node"}
{"meta":"inverse","level":"info","message":"starting asch-node in \"/home/bass/testomgeving/asch\" on port 4096"}
{"message":"DAPP refuel with 500 XAS, transactionId: \"6a70ec5fa6db914922699e2ac7b102e980c6471339aa5c775cad7498702018a5\"","level":"info"}
{"message":"sleep for 3000ms","level":"verbose"}
{"message":"waiting for file changes...","level":"info"}
{"meta":"inverse","level":"warn","message":"SIGTERM"}
{"message":"starting asch-redeploy...","level":"verbose"}
{"message":"NODE_ENV: undefined","level":"verbose"}
{"meta":"green.inverse","level":"info","message":"Check folder structure in /home/bass/testomgeving/asch-mini-dao"}
{"meta":"green.underline","level":"info","message":"contract/ ✓"}
{"meta":"green.underline","level":"info","message":"interface/ ✓"}
{"meta":"green.underline","level":"info","message":"model/ ✓"}
{"meta":"green.underline","level":"info","message":"public/ ✓"}
{"meta":"green.underline","level":"info","message":"init.js file ✓"}
{"meta":"inverse","level":"info","message":"starting asch-node in \"/home/bass/testomgeving/asch\" on port 4096"}
{"message":"waiting for 7000ms","level":"verbose"}
{"message":"starting to orchestrate...","level":"verbose"}
{"meta":"white.inverse","level":"info","message":"files are watched in userDevDir: /home/bass/testomgeving/asch-mini-dao"}
{"meta":"white.underline","level":"info","message":"interface/**.js"}
{"meta":"white.underline","level":"info","message":"model/**.js"}
{"meta":"white.underline","level":"info","message":"contract/**.js"}
{"meta":"white.underline","level":"info","message":"init.js"}
{"message":"register dapp...","level":"info"}
{"message":"finished watching files...","level":"info"}
{"meta":"green","level":"info","message":"check balance..."}
{"message":"in sendMoney()","level":"verbose"}
{"message":"in fetchAddressAndBalancewithSecret()","level":"verbose"}
{"message":"get account information from \"someone manual strong movie roof episode eight spatial brown soldier soup motor\"","level":"verbose"}
{"message":"error in worklflow.js occured","level":"verbose"}
{"message":"ERROR OCCURED","level":"error"}
{"message":"throw in conductor.js line 62","level":"verbose"}
{"message":"Request failed with status code 500","level":"error"}
{"message":"Error: Request failed with status code 500\n    at createError (/usr/local/lib/node_modules/asch-redeploy/node_modules/axios/lib/core/createError.js:16:15)\n    at settle (/usr/local/lib/node_modules/asch-redeploy/node_modules/axios/lib/core/settle.js:18:12)\n    at IncomingMessage.handleStreamEnd (/usr/local/lib/node_modules/asch-redeploy/node_modules/axios/lib/adapters/http.js:201:11)\n    at emitNone (events.js:111:20)\n    at IncomingMessage.emit (events.js:208:7)\n    at endReadableNT (_stream_readable.js:1064:12)\n    at _combinedTickCallback (internal/process/next_tick.js:138:11)\n    at process._tickCallback (internal/process/next_tick.js:180:9)","level":"error"}
{"meta":"blue.inverse","level":"info","message":"SIGINT send"}
{"message":"starting asch-redeploy...","level":"verbose"}
{"message":"NODE_ENV: undefined","level":"verbose"}
{"meta":"green.inverse","level":"info","message":"Check folder structure in /home/bass/testomgeving/asch-mini-dao"}
{"meta":"green.underline","level":"info","message":"contract/ ✓"}
{"meta":"green.underline","level":"info","message":"interface/ ✓"}
{"meta":"green.underline","level":"info","message":"model/ ✓"}
{"meta":"green.underline","level":"info","message":"public/ ✓"}
{"meta":"green.underline","level":"info","message":"init.js file ✓"}
{"meta":"inverse","level":"info","message":"starting asch-node in \"/home/bass/testomgeving/asch\" on port 4096"}
{"message":"waiting for 7000ms","level":"verbose"}
{"message":"starting to orchestrate...","level":"verbose"}
{"meta":"white.inverse","level":"info","message":"files are watched in userDevDir: /home/bass/testomgeving/asch-mini-dao"}
{"meta":"white.underline","level":"info","message":"interface/**.js"}
{"meta":"white.underline","level":"info","message":"model/**.js"}
{"meta":"white.underline","level":"info","message":"contract/**.js"}
{"meta":"white.underline","level":"info","message":"init.js"}
{"message":"register dapp...","level":"info"}
{"message":"finished watching files...","level":"info"}
{"meta":"green","level":"info","message":"check balance..."}
{"message":"in sendMoney()","level":"verbose"}
{"message":"in fetchAddressAndBalancewithSecret()","level":"verbose"}
{"message":"get account information from \"someone manual strong movie roof episode eight spatial brown soldier soup motor\"","level":"verbose"}
{"message":"in hasGenesisAccountEnoughMoney()","level":"verbose"}
{"message":"has genesisAccount a balance greater 50000?","level":"verbose"}
{"message":"in saveGenesisAccountData()","level":"verbose"}
{"message":"in fetchAddressAndBalancewithSecret()","level":"verbose"}
{"message":"get account information from \"sentence weasel match weather apple onion release keen lens deal fruit matrix\"","level":"verbose"}
{"message":"in hasDappAccountEnoughMoney()","level":"verbose"}
{"message":"has dappAccount a balance greater 1000?","level":"verbose"}
{"message":"enough money on account. No transfer needed. Balance is 4297.4","level":"verbose"}
{"meta":"green","level":"info","message":"starting to register Dapp..."}
{"message":"dapp: {\n  \"name\": \"test-VGHusbWtAcrL\",\n  \"link\": \"https://test-KkMbcWzIRfWY.zip\",\n  \"category\": 1,\n  \"description\": \"A hello world demo for asch dapp\",\n  \"tags\": \"asch,dapp,demo\",\n  \"icon\": \"http://o7dyh3w0x.bkt.clouddn.com/hello.png\",\n  \"type\": 0,\n  \"delegates\": [\n    \"db18d5799944030f76b6ce0879b1ca4b0c2c1cee51f53ce9b43f78259950c2fd\",\n    \"590e28d2964b0aa4d7c7b98faee4676d467606c6761f7f41f99c52bb4813b5e4\",\n    \"bfe511158d674c3a1e21111223a49770bee93611d998e88a5d2ea3145de2b68b\",\n    \"7bbf62931cf3c596591a580212631aff51d6bc0577c54769953caadb23f6ab00\",\n    \"452df9213aedb3b9fed6db3e2ea9f49d3db226e2dac01828bc3dcd73b7a953b4\"\n  ],\n  \"unlockDelegates\": 3\n}","level":"info"}
{"meta":"green.inverse","level":"info","message":"DAPP registered, DappId: db23a06b0871fc7144080f00d32a763b9e5e9275d71477b269ac70b4aadd3eea"}
{"meta":"blue.inverse","level":"info","message":"dappId \"db23a06b0871fc7144080f00d32a763b9e5e9275d71477b269ac70b4aadd3eea\" successfully added to \"../asch/config.json\""}
{"message":"wait for: 10000","level":"verbose"}
{"meta":"green.inverse","level":"verbose","message":"stopping asch-Server for restart"}
{"meta":"inverse.blue","level":"warn","message":"sending SIGTERM signal to child process"}
{"meta":"green.inverse","level":"verbose","message":"stopping asch-server"}
{"meta":"inverse.blue","level":"info","message":"asch-node exited with code: \"1\""}
{"message":"asch-node terminated with code 1","level":"warn"}
{"meta":"green.inverse","level":"info","message":"starting asch node"}
{"meta":"inverse","level":"info","message":"starting asch-node in \"/home/bass/testomgeving/asch\" on port 4096"}
{"message":"error in worklflow.js occured","level":"verbose"}
{"message":"ERROR OCCURED","level":"error"}
{"message":"throw in conductor.js line 62","level":"verbose"}
{"message":"Request failed with status code 500","level":"error"}
{"message":"Error: Request failed with status code 500\n    at createError (/usr/local/lib/node_modules/asch-redeploy/node_modules/axios/lib/core/createError.js:16:15)\n    at settle (/usr/local/lib/node_modules/asch-redeploy/node_modules/axios/lib/core/settle.js:18:12)\n    at IncomingMessage.handleStreamEnd (/usr/local/lib/node_modules/asch-redeploy/node_modules/axios/lib/adapters/http.js:201:11)\n    at emitNone (events.js:111:20)\n    at IncomingMessage.emit (events.js:208:7)\n    at endReadableNT (_stream_readable.js:1064:12)\n    at _combinedTickCallback (internal/process/next_tick.js:138:11)\n    at process._tickCallback (internal/process/next_tick.js:180:9)","level":"error"}
{"meta":"blue.inverse","level":"info","message":"SIGINT send"}
{"message":"starting asch-redeploy...","level":"verbose"}
{"message":"NODE_ENV: undefined","level":"verbose"}
{"meta":"green.inverse","level":"info","message":"Check folder structure in /home/bass/testomgeving/asch-mini-dao"}
{"meta":"green.underline","level":"info","message":"contract/ ✓"}
{"meta":"green.underline","level":"info","message":"interface/ ✓"}
{"meta":"green.underline","level":"info","message":"model/ ✓"}
{"meta":"green.underline","level":"info","message":"public/ ✓"}
{"meta":"green.underline","level":"info","message":"init.js file ✓"}
{"meta":"inverse","level":"info","message":"starting asch-node in \"/home/bass/testomgeving/asch\" on port 4096"}
{"message":"waiting for 7000ms","level":"verbose"}
{"message":"starting to orchestrate...","level":"verbose"}
{"meta":"white.inverse","level":"info","message":"files are watched in userDevDir: /home/bass/testomgeving/asch-mini-dao"}
{"meta":"white.underline","level":"info","message":"interface/**.js"}
{"meta":"white.underline","level":"info","message":"model/**.js"}
{"meta":"white.underline","level":"info","message":"contract/**.js"}
{"meta":"white.underline","level":"info","message":"init.js"}
{"message":"register dapp...","level":"info"}
{"message":"finished watching files...","level":"info"}
{"meta":"green","level":"info","message":"check balance..."}
{"message":"in sendMoney()","level":"verbose"}
{"message":"in fetchAddressAndBalancewithSecret()","level":"verbose"}
{"message":"get account information from \"someone manual strong movie roof episode eight spatial brown soldier soup motor\"","level":"verbose"}
{"message":"in hasGenesisAccountEnoughMoney()","level":"verbose"}
{"message":"has genesisAccount a balance greater 50000?","level":"verbose"}
{"message":"in saveGenesisAccountData()","level":"verbose"}
{"message":"in fetchAddressAndBalancewithSecret()","level":"verbose"}
{"message":"get account information from \"sentence weasel match weather apple onion release keen lens deal fruit matrix\"","level":"verbose"}
{"message":"in hasDappAccountEnoughMoney()","level":"verbose"}
{"message":"has dappAccount a balance greater 1000?","level":"verbose"}
{"message":"enough money on account. No transfer needed. Balance is 4197.4","level":"verbose"}
{"meta":"green","level":"info","message":"starting to register Dapp..."}
{"message":"dapp: {\n  \"name\": \"test-ofrqTVBMfHDQ\",\n  \"link\": \"https://test-qMeJBIDrGMWk.zip\",\n  \"category\": 1,\n  \"description\": \"A hello world demo for asch dapp\",\n  \"tags\": \"asch,dapp,demo\",\n  \"icon\": \"http://o7dyh3w0x.bkt.clouddn.com/hello.png\",\n  \"type\": 0,\n  \"delegates\": [\n    \"db18d5799944030f76b6ce0879b1ca4b0c2c1cee51f53ce9b43f78259950c2fd\",\n    \"590e28d2964b0aa4d7c7b98faee4676d467606c6761f7f41f99c52bb4813b5e4\",\n    \"bfe511158d674c3a1e21111223a49770bee93611d998e88a5d2ea3145de2b68b\",\n    \"7bbf62931cf3c596591a580212631aff51d6bc0577c54769953caadb23f6ab00\",\n    \"452df9213aedb3b9fed6db3e2ea9f49d3db226e2dac01828bc3dcd73b7a953b4\"\n  ],\n  \"unlockDelegates\": 3\n}","level":"info"}
{"meta":"green.inverse","level":"info","message":"DAPP registered, DappId: bafdcd7a3d96f790ccdd8896668c38f23755261c8d374de451ce77f52ce749e4"}
{"meta":"blue.inverse","level":"info","message":"dappId \"bafdcd7a3d96f790ccdd8896668c38f23755261c8d374de451ce77f52ce749e4\" successfully added to \"../asch/config.json\""}
{"message":"wait for: 10000","level":"verbose"}
{"meta":"green.inverse","level":"verbose","message":"stopping asch-Server for restart"}
{"meta":"inverse.blue","level":"warn","message":"sending SIGTERM signal to child process"}
{"meta":"green.inverse","level":"verbose","message":"stopping asch-server"}
{"meta":"inverse.blue","level":"info","message":"asch-node exited with code: \"1\""}
{"message":"asch-node terminated with code 1","level":"warn"}
{"meta":"green.inverse","level":"info","message":"starting asch node"}
{"meta":"inverse","level":"info","message":"starting asch-node in \"/home/bass/testomgeving/asch\" on port 4096"}
{"message":"DAPP refuel with 500 XAS, transactionId: \"8ba43ee738d4da9d887aa9ed57ea2adcd1004937bb088a9e17ff14f48e1d2c79\"","level":"info"}
{"message":"sleep for 3000ms","level":"verbose"}
{"message":"waiting for file changes...","level":"info"}
{"meta":"inverse","level":"warn","message":"SIGTERM"}
{"message":"starting asch-redeploy...","level":"verbose"}
{"message":"NODE_ENV: undefined","level":"verbose"}
{"meta":"green.inverse","level":"info","message":"Check folder structure in /home/bass/testomgeving/asch-mini-dao"}
{"meta":"green.underline","level":"info","message":"contract/ ✓"}
{"meta":"green.underline","level":"info","message":"interface/ ✓"}
{"meta":"green.underline","level":"info","message":"model/ ✓"}
{"meta":"green.underline","level":"info","message":"public/ ✓"}
{"meta":"green.underline","level":"info","message":"init.js file ✓"}
{"meta":"inverse","level":"info","message":"starting asch-node in \"/home/bass/testomgeving/asch\" on port 4096"}
{"message":"waiting for 7000ms","level":"verbose"}
{"message":"starting to orchestrate...","level":"verbose"}
{"meta":"white.inverse","level":"info","message":"files are watched in userDevDir: /home/bass/testomgeving/asch-mini-dao"}
{"meta":"white.underline","level":"info","message":"interface/**.js"}
{"meta":"white.underline","level":"info","message":"model/**.js"}
{"meta":"white.underline","level":"info","message":"contract/**.js"}
{"meta":"white.underline","level":"info","message":"init.js"}
{"message":"register dapp...","level":"info"}
{"message":"finished watching files...","level":"info"}
{"meta":"green","level":"info","message":"check balance..."}
{"message":"in sendMoney()","level":"verbose"}
{"message":"in fetchAddressAndBalancewithSecret()","level":"verbose"}
{"message":"get account information from \"someone manual strong movie roof episode eight spatial brown soldier soup motor\"","level":"verbose"}
{"message":"in hasGenesisAccountEnoughMoney()","level":"verbose"}
{"message":"has genesisAccount a balance greater 50000?","level":"verbose"}
{"message":"in saveGenesisAccountData()","level":"verbose"}
{"message":"in fetchAddressAndBalancewithSecret()","level":"verbose"}
{"message":"get account information from \"sentence weasel match weather apple onion release keen lens deal fruit matrix\"","level":"verbose"}
{"message":"in hasDappAccountEnoughMoney()","level":"verbose"}
{"message":"has dappAccount a balance greater 1000?","level":"verbose"}
{"message":"enough money on account. No transfer needed. Balance is 3597.3","level":"verbose"}
{"meta":"green","level":"info","message":"starting to register Dapp..."}
{"message":"dapp: {\n  \"name\": \"test-fQDaECDyFBAk\",\n  \"link\": \"https://test-IKoojEXexEjF.zip\",\n  \"category\": 1,\n  \"description\": \"A hello world demo for asch dapp\",\n  \"tags\": \"asch,dapp,demo\",\n  \"icon\": \"http://o7dyh3w0x.bkt.clouddn.com/hello.png\",\n  \"type\": 0,\n  \"delegates\": [\n    \"db18d5799944030f76b6ce0879b1ca4b0c2c1cee51f53ce9b43f78259950c2fd\",\n    \"590e28d2964b0aa4d7c7b98faee4676d467606c6761f7f41f99c52bb4813b5e4\",\n    \"bfe511158d674c3a1e21111223a49770bee93611d998e88a5d2ea3145de2b68b\",\n    \"7bbf62931cf3c596591a580212631aff51d6bc0577c54769953caadb23f6ab00\",\n    \"452df9213aedb3b9fed6db3e2ea9f49d3db226e2dac01828bc3dcd73b7a953b4\"\n  ],\n  \"unlockDelegates\": 3\n}","level":"info"}
{"meta":"green.inverse","level":"info","message":"DAPP registered, DappId: 3aa07516b2c7c2b3f77f15240cf349dc2f99890a814ddfdb26fc045f2a0bb17b"}
{"meta":"blue.inverse","level":"info","message":"dappId \"3aa07516b2c7c2b3f77f15240cf349dc2f99890a814ddfdb26fc045f2a0bb17b\" successfully added to \"../asch/config.json\""}
{"message":"wait for: 10000","level":"verbose"}
{"meta":"green.inverse","level":"verbose","message":"stopping asch-Server for restart"}
{"meta":"inverse.blue","level":"warn","message":"sending SIGTERM signal to child process"}
{"meta":"green.inverse","level":"verbose","message":"stopping asch-server"}
{"meta":"inverse.blue","level":"info","message":"asch-node exited with code: \"1\""}
{"message":"asch-node terminated with code 1","level":"warn"}
{"meta":"green.inverse","level":"info","message":"starting asch node"}
{"meta":"inverse","level":"info","message":"starting asch-node in \"/home/bass/testomgeving/asch\" on port 4096"}
{"message":"DAPP refuel with 500 XAS, transactionId: \"b0f5812b35f03c94aab8ece45af743819121d0d53b1c70a08a2d7e1ad50f478c\"","level":"info"}
{"message":"sleep for 3000ms","level":"verbose"}
{"message":"waiting for file changes...","level":"info"}
