{"message":"starting asch-redeploy...","level":"verbose"}
{"message":"NODE_ENV: undefined","level":"verbose"}
{"meta":"green.inverse","level":"info","message":"Check folder structure in /home/bass/testomgeving/asch-mini-dao"}
{"meta":"green.underline","level":"info","message":"contract/ ✓"}
{"meta":"green.underline","level":"info","message":"interface/ ✓"}
{"meta":"green.underline","level":"info","message":"model/ ✓"}
{"meta":"green.underline","level":"info","message":"public/ ✓"}
{"meta":"green.underline","level":"info","message":"init.js file ✓"}
{"meta":"inverse","level":"info","message":"starting asch-node in \"/home/bass/testomgeving/asch\" on port 4096"}
{"message":"waiting for 7000ms","level":"verbose"}
{"message":"starting to orchestrate...","level":"verbose"}
{"meta":"white.inverse","level":"info","message":"files are watched in userDevDir: /home/bass/testomgeving/asch-mini-dao"}
{"meta":"white.underline","level":"info","message":"interface/**.js"}
{"meta":"white.underline","level":"info","message":"model/**.js"}
{"meta":"white.underline","level":"info","message":"contract/**.js"}
{"meta":"white.underline","level":"info","message":"init.js"}
{"message":"register dapp...","level":"info"}
{"message":"finished watching files...","level":"info"}
{"meta":"green","level":"info","message":"check balance..."}
{"message":"in sendMoney()","level":"verbose"}
{"message":"in fetchAddressAndBalancewithSecret()","level":"verbose"}
{"message":"get account information from \"someone manual strong movie roof episode eight spatial brown soldier soup motor\"","level":"verbose"}
{"message":"in hasGenesisAccountEnoughMoney()","level":"verbose"}
{"message":"has genesisAccount a balance greater 50000?","level":"verbose"}
{"message":"in saveGenesisAccountData()","level":"verbose"}
{"message":"in fetchAddressAndBalancewithSecret()","level":"verbose"}
{"message":"get account information from \"sentence weasel match weather apple onion release keen lens deal fruit matrix\"","level":"verbose"}
{"message":"in hasDappAccountEnoughMoney()","level":"verbose"}
{"message":"has dappAccount a balance greater 1000?","level":"verbose"}
{"message":"enough money on account. No transfer needed. Balance is 6697.8","level":"verbose"}
{"meta":"green","level":"info","message":"starting to register Dapp..."}
{"message":"dapp: {\n  \"name\": \"test-TQjHFtYYuCkc\",\n  \"link\": \"https://test-CVaJyRhbBHKn.zip\",\n  \"category\": 1,\n  \"description\": \"A hello world demo for asch dapp\",\n  \"tags\": \"asch,dapp,demo\",\n  \"icon\": \"http://o7dyh3w0x.bkt.clouddn.com/hello.png\",\n  \"type\": 0,\n  \"delegates\": [\n    \"db18d5799944030f76b6ce0879b1ca4b0c2c1cee51f53ce9b43f78259950c2fd\",\n    \"590e28d2964b0aa4d7c7b98faee4676d467606c6761f7f41f99c52bb4813b5e4\",\n    \"bfe511158d674c3a1e21111223a49770bee93611d998e88a5d2ea3145de2b68b\",\n    \"7bbf62931cf3c596591a580212631aff51d6bc0577c54769953caadb23f6ab00\",\n    \"452df9213aedb3b9fed6db3e2ea9f49d3db226e2dac01828bc3dcd73b7a953b4\"\n  ],\n  \"unlockDelegates\": 3\n}","level":"info"}
{"meta":"green.inverse","level":"info","message":"DAPP registered, DappId: a9a88f03bf125931e4df7275db4cc6eac5fe1f4b86b012c98feec91635860069"}
{"meta":"blue.inverse","level":"info","message":"dappId \"a9a88f03bf125931e4df7275db4cc6eac5fe1f4b86b012c98feec91635860069\" successfully added to \"../asch/config.json\""}
{"message":"wait for: 10000","level":"verbose"}
{"meta":"green.inverse","level":"verbose","message":"stopping asch-Server for restart"}
{"meta":"inverse.blue","level":"warn","message":"sending SIGTERM signal to child process"}
{"meta":"green.inverse","level":"verbose","message":"stopping asch-server"}
{"meta":"inverse.blue","level":"info","message":"asch-node exited with code: \"1\""}
{"message":"asch-node terminated with code 1","level":"warn"}
{"meta":"green.inverse","level":"info","message":"starting asch node"}
{"meta":"inverse","level":"info","message":"starting asch-node in \"/home/bass/testomgeving/asch\" on port 4096"}
{"message":"DAPP refuel with 500 XAS, transactionId: \"dad4379e3894e86f74a3812211cce2b78ac618cb72cc6fee57fff745e0c01ab8\"","level":"info"}
{"message":"sleep for 3000ms","level":"verbose"}
{"message":"waiting for file changes...","level":"info"}
